<?xml version="1.0" encoding="UTF-8"?>
<!-- Generated by org.testng.reporters.JUnitXMLReporter -->
<testsuite ignored="0" hostname="LAPTOP-6OACLVLF" failures="0" tests="2" name="logintest" time="11.237" errors="0" timestamp="2021-07-28T21:58:57 IST">
  <testcase classname="com.AppTestCases.App_Login_Test" name="verify_invalid_user_credentials" time="2.378"/>
  <testcase classname="com.AppTestCases.App_Login_Test" name="verify_valid_user_credentials" time="3.348"/>
</testsuite> <!-- logintest -->
