<?xml version="1.0" encoding="UTF-8"?>
<testng-results ignored="0" total="3" passed="3" failed="0" skipped="0">
  <reporter-output>
  </reporter-output>
  <suite started-at="2021-07-28T21:58:46 IST" name="Suite" finished-at="2021-07-28T21:59:08 IST" duration-ms="22469">
    <groups>
    </groups>
    <test started-at="2021-07-28T21:58:46 IST" name="logintest" finished-at="2021-07-28T21:58:57 IST" duration-ms="11237">
      <class name="com.AppTestCases.App_Login_Test">
        <test-method is-config="true" signature="startBrowser()[pri:0, instance:com.AppTestCases.App_Login_Test@6d4e5011]" started-at="2021-07-28T21:58:46 IST" name="startBrowser" finished-at="2021-07-28T21:58:51 IST" duration-ms="5242" status="PASS">
          <reporter-output>
          </reporter-output>
        </test-method> <!-- startBrowser -->
        <test-method signature="verify_invalid_user_credentials()[pri:1, instance:com.AppTestCases.App_Login_Test@6d4e5011]" started-at="2021-07-28T21:58:51 IST" name="verify_invalid_user_credentials" description="verify invalid login" finished-at="2021-07-28T21:58:53 IST" duration-ms="2378" status="PASS">
          <reporter-output>
          </reporter-output>
        </test-method> <!-- verify_invalid_user_credentials -->
        <test-method signature="verify_valid_user_credentials()[pri:2, instance:com.AppTestCases.App_Login_Test@6d4e5011]" started-at="2021-07-28T21:58:53 IST" name="verify_valid_user_credentials" description="Valid Login" finished-at="2021-07-28T21:58:57 IST" duration-ms="3348" status="PASS">
          <reporter-output>
          </reporter-output>
        </test-method> <!-- verify_valid_user_credentials -->
        <test-method is-config="true" signature="generateExtentReport()[pri:0, instance:com.AppTestCases.App_Login_Test@6d4e5011]" started-at="2021-07-28T21:58:57 IST" name="generateExtentReport" finished-at="2021-07-28T21:58:57 IST" duration-ms="180" status="PASS">
          <reporter-output>
          </reporter-output>
        </test-method> <!-- generateExtentReport -->
      </class> <!-- com.AppTestCases.App_Login_Test -->
    </test> <!-- logintest -->
    <test started-at="2021-07-28T21:58:57 IST" name="BasicContactForm" finished-at="2021-07-28T21:59:08 IST" duration-ms="11192">
      <class name="com.AppTestCases.App_Login_Test">
        <test-method is-config="true" signature="setupsuite()[pri:0, instance:com.AppTestCases.App_Login_Test@6d4e5011]" started-at="2021-07-28T21:58:45 IST" name="setupsuite" finished-at="2021-07-28T21:58:46 IST" duration-ms="459" status="PASS">
          <reporter-output>
          </reporter-output>
        </test-method> <!-- setupsuite -->
      </class> <!-- com.AppTestCases.App_Login_Test -->
      <class name="com.AppTestCases.Basic_Contact_Form_TestCase">
        <test-method is-config="true" signature="setupsuite()[pri:0, instance:com.AppTestCases.Basic_Contact_Form_TestCase@52af26ee]" started-at="2021-07-28T21:58:46 IST" name="setupsuite" finished-at="2021-07-28T21:58:46 IST" duration-ms="0" status="PASS">
          <reporter-output>
          </reporter-output>
        </test-method> <!-- setupsuite -->
        <test-method is-config="true" signature="launch_browser()[pri:0, instance:com.AppTestCases.Basic_Contact_Form_TestCase@52af26ee]" started-at="2021-07-28T21:58:57 IST" name="launch_browser" finished-at="2021-07-28T21:59:01 IST" duration-ms="4059" status="PASS">
          <reporter-output>
          </reporter-output>
        </test-method> <!-- launch_browser -->
        <test-method is-config="true" signature="runpageclass()[pri:0, instance:com.AppTestCases.Basic_Contact_Form_TestCase@52af26ee]" started-at="2021-07-28T21:59:01 IST" name="runpageclass" finished-at="2021-07-28T21:59:01 IST" duration-ms="4" status="PASS">
          <reporter-output>
          </reporter-output>
        </test-method> <!-- runpageclass -->
        <test-method signature="insert_basic_contact_form_details()[pri:0, instance:com.AppTestCases.Basic_Contact_Form_TestCase@52af26ee]" started-at="2021-07-28T21:59:01 IST" name="insert_basic_contact_form_details" description="verify basic contact form" finished-at="2021-07-28T21:59:08 IST" duration-ms="6763" status="PASS">
          <reporter-output>
          </reporter-output>
        </test-method> <!-- insert_basic_contact_form_details -->
        <test-method is-config="true" signature="quitbrowser()[pri:0, instance:com.AppTestCases.Basic_Contact_Form_TestCase@52af26ee]" started-at="2021-07-28T21:59:08 IST" name="quitbrowser" finished-at="2021-07-28T21:59:08 IST" duration-ms="360" status="PASS">
          <reporter-output>
          </reporter-output>
        </test-method> <!-- quitbrowser -->
      </class> <!-- com.AppTestCases.Basic_Contact_Form_TestCase -->
    </test> <!-- BasicContactForm -->
  </suite> <!-- Suite -->
</testng-results>
